CRITICAL - 2026-02-04 15:23:56 --> ErrorException: Undefined variable $navbar
[Method: GET, Route: /]
in APPPATH/Views/layouts/header.php on line 22.
 1 APPPATH/Views/layouts/header.php(22): CodeIgniter\Debug\Exceptions->errorHandler(2, 'Undefined variable $navbar', '/Users/aungsihein/iron-software-frontend-assessment/app/Views/layouts/header.php', 22)
 2 SYSTEMPATH/View/View.php(238): include('/Users/aungsihein/iron-software-frontend-assessment/app/Views/layouts/header.php')
 3 SYSTEMPATH/View/View.php(241): CodeIgniter\View\View->{closure:CodeIgniter\View\View::render():235}()
 4 SYSTEMPATH/Common.php(1250): CodeIgniter\View\View->render('layouts/header', [], true)
 5 APPPATH/Views/home.php(1): view('layouts/header')
 6 SYSTEMPATH/View/View.php(238): include('/Users/aungsihein/iron-software-frontend-assessment/app/Views/home.php')
 7 SYSTEMPATH/View/View.php(241): CodeIgniter\View\View->{closure:CodeIgniter\View\View::render():235}()
 8 SYSTEMPATH/Common.php(1250): CodeIgniter\View\View->render('home', [], true)
 9 APPPATH/Controllers/Home.php(9): view('home')
10 SYSTEMPATH/CodeIgniter.php(951): App\Controllers\Home->index()
11 SYSTEMPATH/CodeIgniter.php(497): CodeIgniter\CodeIgniter->runController(Object(App\Controllers\Home))
12 SYSTEMPATH/CodeIgniter.php(340): CodeIgniter\CodeIgniter->handleRequest(null, Object(Config\Cache), false)
13 SYSTEMPATH/Boot.php(417): CodeIgniter\CodeIgniter->run()
14 SYSTEMPATH/Boot.php(68): CodeIgniter\Boot::runCodeIgniter(Object(CodeIgniter\CodeIgniter))
15 FCPATH/index.php(59): CodeIgniter\Boot::bootWeb(Object(Config\Paths))
CRITICAL - 2026-02-04 15:23:59 --> ErrorException: Undefined variable $navbar
[Method: GET, Route: /]
in APPPATH/Views/layouts/header.php on line 22.
 1 APPPATH/Views/layouts/header.php(22): CodeIgniter\Debug\Exceptions->errorHandler(2, 'Undefined variable $navbar', '/Users/aungsihein/iron-software-frontend-assessment/app/Views/layouts/header.php', 22)
 2 SYSTEMPATH/View/View.php(238): include('/Users/aungsihein/iron-software-frontend-assessment/app/Views/layouts/header.php')
 3 SYSTEMPATH/View/View.php(241): CodeIgniter\View\View->{closure:CodeIgniter\View\View::render():235}()
 4 SYSTEMPATH/Common.php(1250): CodeIgniter\View\View->render('layouts/header', [], true)
 5 APPPATH/Views/home.php(1): view('layouts/header')
 6 SYSTEMPATH/View/View.php(238): include('/Users/aungsihein/iron-software-frontend-assessment/app/Views/home.php')
 7 SYSTEMPATH/View/View.php(241): CodeIgniter\View\View->{closure:CodeIgniter\View\View::render():235}()
 8 SYSTEMPATH/Common.php(1250): CodeIgniter\View\View->render('home', [], true)
 9 APPPATH/Controllers/Home.php(9): view('home')
10 SYSTEMPATH/CodeIgniter.php(951): App\Controllers\Home->index()
11 SYSTEMPATH/CodeIgniter.php(497): CodeIgniter\CodeIgniter->runController(Object(App\Controllers\Home))
12 SYSTEMPATH/CodeIgniter.php(340): CodeIgniter\CodeIgniter->handleRequest(null, Object(Config\Cache), false)
13 SYSTEMPATH/Boot.php(417): CodeIgniter\CodeIgniter->run()
14 SYSTEMPATH/Boot.php(68): CodeIgniter\Boot::runCodeIgniter(Object(CodeIgniter\CodeIgniter))
15 FCPATH/index.php(59): CodeIgniter\Boot::bootWeb(Object(Config\Paths))
CRITICAL - 2026-02-04 15:24:10 --> ErrorException: Undefined variable $navbar
[Method: GET, Route: /]
in APPPATH/Views/layouts/header.php on line 22.
 1 APPPATH/Views/layouts/header.php(22): CodeIgniter\Debug\Exceptions->errorHandler(2, 'Undefined variable $navbar', '/Users/aungsihein/iron-software-frontend-assessment/app/Views/layouts/header.php', 22)
 2 SYSTEMPATH/View/View.php(238): include('/Users/aungsihein/iron-software-frontend-assessment/app/Views/layouts/header.php')
 3 SYSTEMPATH/View/View.php(241): CodeIgniter\View\View->{closure:CodeIgniter\View\View::render():235}()
 4 SYSTEMPATH/Common.php(1250): CodeIgniter\View\View->render('layouts/header', [], true)
 5 APPPATH/Views/home.php(1): view('layouts/header')
 6 SYSTEMPATH/View/View.php(238): include('/Users/aungsihein/iron-software-frontend-assessment/app/Views/home.php')
 7 SYSTEMPATH/View/View.php(241): CodeIgniter\View\View->{closure:CodeIgniter\View\View::render():235}()
 8 SYSTEMPATH/Common.php(1250): CodeIgniter\View\View->render('home', [], true)
 9 APPPATH/Controllers/Home.php(9): view('home')
10 SYSTEMPATH/CodeIgniter.php(951): App\Controllers\Home->index()
11 SYSTEMPATH/CodeIgniter.php(497): CodeIgniter\CodeIgniter->runController(Object(App\Controllers\Home))
12 SYSTEMPATH/CodeIgniter.php(340): CodeIgniter\CodeIgniter->handleRequest(null, Object(Config\Cache), false)
13 SYSTEMPATH/Boot.php(417): CodeIgniter\CodeIgniter->run()
14 SYSTEMPATH/Boot.php(68): CodeIgniter\Boot::runCodeIgniter(Object(CodeIgniter\CodeIgniter))
15 FCPATH/index.php(59): CodeIgniter\Boot::bootWeb(Object(Config\Paths))
CRITICAL - 2026-02-04 15:27:12 --> ErrorException: Undefined variable $navbar
[Method: GET, Route: /]
in APPPATH/Views/layouts/header.php on line 22.
 1 APPPATH/Views/layouts/header.php(22): CodeIgniter\Debug\Exceptions->errorHandler(2, 'Undefined variable $navbar', '/Users/aungsihein/iron-software-frontend-assessment/app/Views/layouts/header.php', 22)
 2 SYSTEMPATH/View/View.php(238): include('/Users/aungsihein/iron-software-frontend-assessment/app/Views/layouts/header.php')
 3 SYSTEMPATH/View/View.php(241): CodeIgniter\View\View->{closure:CodeIgniter\View\View::render():235}()
 4 SYSTEMPATH/Common.php(1250): CodeIgniter\View\View->render('layouts/header', [], true)
 5 APPPATH/Views/home.php(1): view('layouts/header')
 6 SYSTEMPATH/View/View.php(238): include('/Users/aungsihein/iron-software-frontend-assessment/app/Views/home.php')
 7 SYSTEMPATH/View/View.php(241): CodeIgniter\View\View->{closure:CodeIgniter\View\View::render():235}()
 8 SYSTEMPATH/Common.php(1250): CodeIgniter\View\View->render('home', [], true)
 9 APPPATH/Controllers/Home.php(9): view('home')
10 SYSTEMPATH/CodeIgniter.php(951): App\Controllers\Home->index()
11 SYSTEMPATH/CodeIgniter.php(497): CodeIgniter\CodeIgniter->runController(Object(App\Controllers\Home))
12 SYSTEMPATH/CodeIgniter.php(340): CodeIgniter\CodeIgniter->handleRequest(null, Object(Config\Cache), false)
13 SYSTEMPATH/Boot.php(417): CodeIgniter\CodeIgniter->run()
14 SYSTEMPATH/Boot.php(68): CodeIgniter\Boot::runCodeIgniter(Object(CodeIgniter\CodeIgniter))
15 FCPATH/index.php(59): CodeIgniter\Boot::bootWeb(Object(Config\Paths))
CRITICAL - 2026-02-04 15:27:13 --> ErrorException: Undefined variable $navbar
[Method: GET, Route: /]
in APPPATH/Views/layouts/header.php on line 22.
 1 APPPATH/Views/layouts/header.php(22): CodeIgniter\Debug\Exceptions->errorHandler(2, 'Undefined variable $navbar', '/Users/aungsihein/iron-software-frontend-assessment/app/Views/layouts/header.php', 22)
 2 SYSTEMPATH/View/View.php(238): include('/Users/aungsihein/iron-software-frontend-assessment/app/Views/layouts/header.php')
 3 SYSTEMPATH/View/View.php(241): CodeIgniter\View\View->{closure:CodeIgniter\View\View::render():235}()
 4 SYSTEMPATH/Common.php(1250): CodeIgniter\View\View->render('layouts/header', [], true)
 5 APPPATH/Views/home.php(1): view('layouts/header')
 6 SYSTEMPATH/View/View.php(238): include('/Users/aungsihein/iron-software-frontend-assessment/app/Views/home.php')
 7 SYSTEMPATH/View/View.php(241): CodeIgniter\View\View->{closure:CodeIgniter\View\View::render():235}()
 8 SYSTEMPATH/Common.php(1250): CodeIgniter\View\View->render('home', [], true)
 9 APPPATH/Controllers/Home.php(9): view('home')
10 SYSTEMPATH/CodeIgniter.php(951): App\Controllers\Home->index()
11 SYSTEMPATH/CodeIgniter.php(497): CodeIgniter\CodeIgniter->runController(Object(App\Controllers\Home))
12 SYSTEMPATH/CodeIgniter.php(340): CodeIgniter\CodeIgniter->handleRequest(null, Object(Config\Cache), false)
13 SYSTEMPATH/Boot.php(417): CodeIgniter\CodeIgniter->run()
14 SYSTEMPATH/Boot.php(68): CodeIgniter\Boot::runCodeIgniter(Object(CodeIgniter\CodeIgniter))
15 FCPATH/index.php(59): CodeIgniter\Boot::bootWeb(Object(Config\Paths))
CRITICAL - 2026-02-04 15:27:14 --> ErrorException: Undefined variable $navbar
[Method: GET, Route: /]
in APPPATH/Views/layouts/header.php on line 22.
 1 APPPATH/Views/layouts/header.php(22): CodeIgniter\Debug\Exceptions->errorHandler(2, 'Undefined variable $navbar', '/Users/aungsihein/iron-software-frontend-assessment/app/Views/layouts/header.php', 22)
 2 SYSTEMPATH/View/View.php(238): include('/Users/aungsihein/iron-software-frontend-assessment/app/Views/layouts/header.php')
 3 SYSTEMPATH/View/View.php(241): CodeIgniter\View\View->{closure:CodeIgniter\View\View::render():235}()
 4 SYSTEMPATH/Common.php(1250): CodeIgniter\View\View->render('layouts/header', [], true)
 5 APPPATH/Views/home.php(1): view('layouts/header')
 6 SYSTEMPATH/View/View.php(238): include('/Users/aungsihein/iron-software-frontend-assessment/app/Views/home.php')
 7 SYSTEMPATH/View/View.php(241): CodeIgniter\View\View->{closure:CodeIgniter\View\View::render():235}()
 8 SYSTEMPATH/Common.php(1250): CodeIgniter\View\View->render('home', [], true)
 9 APPPATH/Controllers/Home.php(9): view('home')
10 SYSTEMPATH/CodeIgniter.php(951): App\Controllers\Home->index()
11 SYSTEMPATH/CodeIgniter.php(497): CodeIgniter\CodeIgniter->runController(Object(App\Controllers\Home))
12 SYSTEMPATH/CodeIgniter.php(340): CodeIgniter\CodeIgniter->handleRequest(null, Object(Config\Cache), false)
13 SYSTEMPATH/Boot.php(417): CodeIgniter\CodeIgniter->run()
14 SYSTEMPATH/Boot.php(68): CodeIgniter\Boot::runCodeIgniter(Object(CodeIgniter\CodeIgniter))
15 FCPATH/index.php(59): CodeIgniter\Boot::bootWeb(Object(Config\Paths))
CRITICAL - 2026-02-04 15:27:33 --> ErrorException: Undefined variable $navbar
[Method: GET, Route: /]
in APPPATH/Views/layouts/header.php on line 22.
 1 APPPATH/Views/layouts/header.php(22): CodeIgniter\Debug\Exceptions->errorHandler(2, 'Undefined variable $navbar', '/Users/aungsihein/iron-software-frontend-assessment/app/Views/layouts/header.php', 22)
 2 SYSTEMPATH/View/View.php(238): include('/Users/aungsihein/iron-software-frontend-assessment/app/Views/layouts/header.php')
 3 SYSTEMPATH/View/View.php(241): CodeIgniter\View\View->{closure:CodeIgniter\View\View::render():235}()
 4 SYSTEMPATH/Common.php(1250): CodeIgniter\View\View->render('layouts/header', [], true)
 5 APPPATH/Views/home.php(1): view('layouts/header')
 6 SYSTEMPATH/View/View.php(238): include('/Users/aungsihein/iron-software-frontend-assessment/app/Views/home.php')
 7 SYSTEMPATH/View/View.php(241): CodeIgniter\View\View->{closure:CodeIgniter\View\View::render():235}()
 8 SYSTEMPATH/Common.php(1250): CodeIgniter\View\View->render('home', [], true)
 9 APPPATH/Controllers/Home.php(9): view('home')
10 SYSTEMPATH/CodeIgniter.php(951): App\Controllers\Home->index()
11 SYSTEMPATH/CodeIgniter.php(497): CodeIgniter\CodeIgniter->runController(Object(App\Controllers\Home))
12 SYSTEMPATH/CodeIgniter.php(340): CodeIgniter\CodeIgniter->handleRequest(null, Object(Config\Cache), false)
13 SYSTEMPATH/Boot.php(417): CodeIgniter\CodeIgniter->run()
14 SYSTEMPATH/Boot.php(68): CodeIgniter\Boot::runCodeIgniter(Object(CodeIgniter\CodeIgniter))
15 FCPATH/index.php(59): CodeIgniter\Boot::bootWeb(Object(Config\Paths))
16 SYSTEMPATH/rewrite.php(44): require_once('/Users/aungsihein/iron-software-frontend-assessment/public/index.php')
CRITICAL - 2026-02-04 15:27:33 --> ErrorException: Undefined variable $navbar
[Method: GET, Route: /]
in APPPATH/Views/layouts/header.php on line 22.
 1 APPPATH/Views/layouts/header.php(22): CodeIgniter\Debug\Exceptions->errorHandler(2, 'Undefined variable $navbar', '/Users/aungsihein/iron-software-frontend-assessment/app/Views/layouts/header.php', 22)
 2 SYSTEMPATH/View/View.php(238): include('/Users/aungsihein/iron-software-frontend-assessment/app/Views/layouts/header.php')
 3 SYSTEMPATH/View/View.php(241): CodeIgniter\View\View->{closure:CodeIgniter\View\View::render():235}()
 4 SYSTEMPATH/Common.php(1250): CodeIgniter\View\View->render('layouts/header', [], true)
 5 APPPATH/Views/home.php(1): view('layouts/header')
 6 SYSTEMPATH/View/View.php(238): include('/Users/aungsihein/iron-software-frontend-assessment/app/Views/home.php')
 7 SYSTEMPATH/View/View.php(241): CodeIgniter\View\View->{closure:CodeIgniter\View\View::render():235}()
 8 SYSTEMPATH/Common.php(1250): CodeIgniter\View\View->render('home', [], true)
 9 APPPATH/Controllers/Home.php(9): view('home')
10 SYSTEMPATH/CodeIgniter.php(951): App\Controllers\Home->index()
11 SYSTEMPATH/CodeIgniter.php(497): CodeIgniter\CodeIgniter->runController(Object(App\Controllers\Home))
12 SYSTEMPATH/CodeIgniter.php(340): CodeIgniter\CodeIgniter->handleRequest(null, Object(Config\Cache), false)
13 SYSTEMPATH/Boot.php(417): CodeIgniter\CodeIgniter->run()
14 SYSTEMPATH/Boot.php(68): CodeIgniter\Boot::runCodeIgniter(Object(CodeIgniter\CodeIgniter))
15 FCPATH/index.php(59): CodeIgniter\Boot::bootWeb(Object(Config\Paths))
16 SYSTEMPATH/rewrite.php(44): require_once('/Users/aungsihein/iron-software-frontend-assessment/public/index.php')
CRITICAL - 2026-02-04 15:27:38 --> ErrorException: Undefined variable $navbar
[Method: GET, Route: /]
in APPPATH/Views/layouts/header.php on line 22.
 1 APPPATH/Views/layouts/header.php(22): CodeIgniter\Debug\Exceptions->errorHandler(2, 'Undefined variable $navbar', '/Users/aungsihein/iron-software-frontend-assessment/app/Views/layouts/header.php', 22)
 2 SYSTEMPATH/View/View.php(238): include('/Users/aungsihein/iron-software-frontend-assessment/app/Views/layouts/header.php')
 3 SYSTEMPATH/View/View.php(241): CodeIgniter\View\View->{closure:CodeIgniter\View\View::render():235}()
 4 SYSTEMPATH/Common.php(1250): CodeIgniter\View\View->render('layouts/header', [], true)
 5 APPPATH/Views/home.php(1): view('layouts/header')
 6 SYSTEMPATH/View/View.php(238): include('/Users/aungsihein/iron-software-frontend-assessment/app/Views/home.php')
 7 SYSTEMPATH/View/View.php(241): CodeIgniter\View\View->{closure:CodeIgniter\View\View::render():235}()
 8 SYSTEMPATH/Common.php(1250): CodeIgniter\View\View->render('home', [], true)
 9 APPPATH/Controllers/Home.php(9): view('home')
10 SYSTEMPATH/CodeIgniter.php(951): App\Controllers\Home->index()
11 SYSTEMPATH/CodeIgniter.php(497): CodeIgniter\CodeIgniter->runController(Object(App\Controllers\Home))
12 SYSTEMPATH/CodeIgniter.php(340): CodeIgniter\CodeIgniter->handleRequest(null, Object(Config\Cache), false)
13 SYSTEMPATH/Boot.php(417): CodeIgniter\CodeIgniter->run()
14 SYSTEMPATH/Boot.php(68): CodeIgniter\Boot::runCodeIgniter(Object(CodeIgniter\CodeIgniter))
15 FCPATH/index.php(59): CodeIgniter\Boot::bootWeb(Object(Config\Paths))
16 SYSTEMPATH/rewrite.php(44): require_once('/Users/aungsihein/iron-software-frontend-assessment/public/index.php')
CRITICAL - 2026-02-04 15:27:43 --> ErrorException: Undefined variable $navbar
[Method: GET, Route: /]
in APPPATH/Views/layouts/header.php on line 22.
 1 APPPATH/Views/layouts/header.php(22): CodeIgniter\Debug\Exceptions->errorHandler(2, 'Undefined variable $navbar', '/Users/aungsihein/iron-software-frontend-assessment/app/Views/layouts/header.php', 22)
 2 SYSTEMPATH/View/View.php(238): include('/Users/aungsihein/iron-software-frontend-assessment/app/Views/layouts/header.php')
 3 SYSTEMPATH/View/View.php(241): CodeIgniter\View\View->{closure:CodeIgniter\View\View::render():235}()
 4 SYSTEMPATH/Common.php(1250): CodeIgniter\View\View->render('layouts/header', [], true)
 5 APPPATH/Views/home.php(1): view('layouts/header')
 6 SYSTEMPATH/View/View.php(238): include('/Users/aungsihein/iron-software-frontend-assessment/app/Views/home.php')
 7 SYSTEMPATH/View/View.php(241): CodeIgniter\View\View->{closure:CodeIgniter\View\View::render():235}()
 8 SYSTEMPATH/Common.php(1250): CodeIgniter\View\View->render('home', [], true)
 9 APPPATH/Controllers/Home.php(9): view('home')
10 SYSTEMPATH/CodeIgniter.php(951): App\Controllers\Home->index()
11 SYSTEMPATH/CodeIgniter.php(497): CodeIgniter\CodeIgniter->runController(Object(App\Controllers\Home))
12 SYSTEMPATH/CodeIgniter.php(340): CodeIgniter\CodeIgniter->handleRequest(null, Object(Config\Cache), false)
13 SYSTEMPATH/Boot.php(417): CodeIgniter\CodeIgniter->run()
14 SYSTEMPATH/Boot.php(68): CodeIgniter\Boot::runCodeIgniter(Object(CodeIgniter\CodeIgniter))
15 FCPATH/index.php(59): CodeIgniter\Boot::bootWeb(Object(Config\Paths))
16 SYSTEMPATH/rewrite.php(44): require_once('/Users/aungsihein/iron-software-frontend-assessment/public/index.php')
CRITICAL - 2026-02-04 15:31:15 --> ErrorException: Undefined variable $navbar
[Method: GET, Route: /]
in APPPATH/Views/layouts/header.php on line 22.
 1 APPPATH/Views/layouts/header.php(22): CodeIgniter\Debug\Exceptions->errorHandler(2, 'Undefined variable $navbar', '/Users/aungsihein/iron-software-frontend-assessment/app/Views/layouts/header.php', 22)
 2 SYSTEMPATH/View/View.php(238): include('/Users/aungsihein/iron-software-frontend-assessment/app/Views/layouts/header.php')
 3 SYSTEMPATH/View/View.php(241): CodeIgniter\View\View->{closure:CodeIgniter\View\View::render():235}()
 4 SYSTEMPATH/Common.php(1250): CodeIgniter\View\View->render('layouts/header', [], true)
 5 APPPATH/Views/home.php(1): view('layouts/header')
 6 SYSTEMPATH/View/View.php(238): include('/Users/aungsihein/iron-software-frontend-assessment/app/Views/home.php')
 7 SYSTEMPATH/View/View.php(241): CodeIgniter\View\View->{closure:CodeIgniter\View\View::render():235}()
 8 SYSTEMPATH/Common.php(1250): CodeIgniter\View\View->render('home', [], true)
 9 APPPATH/Controllers/Home.php(9): view('home')
10 SYSTEMPATH/CodeIgniter.php(951): App\Controllers\Home->index()
11 SYSTEMPATH/CodeIgniter.php(497): CodeIgniter\CodeIgniter->runController(Object(App\Controllers\Home))
12 SYSTEMPATH/CodeIgniter.php(340): CodeIgniter\CodeIgniter->handleRequest(null, Object(Config\Cache), false)
13 SYSTEMPATH/Boot.php(417): CodeIgniter\CodeIgniter->run()
14 SYSTEMPATH/Boot.php(68): CodeIgniter\Boot::runCodeIgniter(Object(CodeIgniter\CodeIgniter))
15 FCPATH/index.php(59): CodeIgniter\Boot::bootWeb(Object(Config\Paths))
16 SYSTEMPATH/rewrite.php(44): require_once('/Users/aungsihein/iron-software-frontend-assessment/public/index.php')
CRITICAL - 2026-02-04 15:31:21 --> ErrorException: Undefined variable $navbar
[Method: GET, Route: /]
in APPPATH/Views/layouts/header.php on line 22.
 1 APPPATH/Views/layouts/header.php(22): CodeIgniter\Debug\Exceptions->errorHandler(2, 'Undefined variable $navbar', '/Users/aungsihein/iron-software-frontend-assessment/app/Views/layouts/header.php', 22)
 2 SYSTEMPATH/View/View.php(238): include('/Users/aungsihein/iron-software-frontend-assessment/app/Views/layouts/header.php')
 3 SYSTEMPATH/View/View.php(241): CodeIgniter\View\View->{closure:CodeIgniter\View\View::render():235}()
 4 SYSTEMPATH/Common.php(1250): CodeIgniter\View\View->render('layouts/header', [], true)
 5 APPPATH/Views/home.php(1): view('layouts/header')
 6 SYSTEMPATH/View/View.php(238): include('/Users/aungsihein/iron-software-frontend-assessment/app/Views/home.php')
 7 SYSTEMPATH/View/View.php(241): CodeIgniter\View\View->{closure:CodeIgniter\View\View::render():235}()
 8 SYSTEMPATH/Common.php(1250): CodeIgniter\View\View->render('home', [], true)
 9 APPPATH/Controllers/Home.php(9): view('home')
10 SYSTEMPATH/CodeIgniter.php(951): App\Controllers\Home->index()
11 SYSTEMPATH/CodeIgniter.php(497): CodeIgniter\CodeIgniter->runController(Object(App\Controllers\Home))
12 SYSTEMPATH/CodeIgniter.php(340): CodeIgniter\CodeIgniter->handleRequest(null, Object(Config\Cache), false)
13 SYSTEMPATH/Boot.php(417): CodeIgniter\CodeIgniter->run()
14 SYSTEMPATH/Boot.php(68): CodeIgniter\Boot::runCodeIgniter(Object(CodeIgniter\CodeIgniter))
15 FCPATH/index.php(59): CodeIgniter\Boot::bootWeb(Object(Config\Paths))
16 SYSTEMPATH/rewrite.php(44): require_once('/Users/aungsihein/iron-software-frontend-assessment/public/index.php')
CRITICAL - 2026-02-04 15:31:21 --> ErrorException: Undefined variable $navbar
[Method: GET, Route: /]
in APPPATH/Views/layouts/header.php on line 22.
 1 APPPATH/Views/layouts/header.php(22): CodeIgniter\Debug\Exceptions->errorHandler(2, 'Undefined variable $navbar', '/Users/aungsihein/iron-software-frontend-assessment/app/Views/layouts/header.php', 22)
 2 SYSTEMPATH/View/View.php(238): include('/Users/aungsihein/iron-software-frontend-assessment/app/Views/layouts/header.php')
 3 SYSTEMPATH/View/View.php(241): CodeIgniter\View\View->{closure:CodeIgniter\View\View::render():235}()
 4 SYSTEMPATH/Common.php(1250): CodeIgniter\View\View->render('layouts/header', [], true)
 5 APPPATH/Views/home.php(1): view('layouts/header')
 6 SYSTEMPATH/View/View.php(238): include('/Users/aungsihein/iron-software-frontend-assessment/app/Views/home.php')
 7 SYSTEMPATH/View/View.php(241): CodeIgniter\View\View->{closure:CodeIgniter\View\View::render():235}()
 8 SYSTEMPATH/Common.php(1250): CodeIgniter\View\View->render('home', [], true)
 9 APPPATH/Controllers/Home.php(9): view('home')
10 SYSTEMPATH/CodeIgniter.php(951): App\Controllers\Home->index()
11 SYSTEMPATH/CodeIgniter.php(497): CodeIgniter\CodeIgniter->runController(Object(App\Controllers\Home))
12 SYSTEMPATH/CodeIgniter.php(340): CodeIgniter\CodeIgniter->handleRequest(null, Object(Config\Cache), false)
13 SYSTEMPATH/Boot.php(417): CodeIgniter\CodeIgniter->run()
14 SYSTEMPATH/Boot.php(68): CodeIgniter\Boot::runCodeIgniter(Object(CodeIgniter\CodeIgniter))
15 FCPATH/index.php(59): CodeIgniter\Boot::bootWeb(Object(Config\Paths))
16 SYSTEMPATH/rewrite.php(44): require_once('/Users/aungsihein/iron-software-frontend-assessment/public/index.php')
CRITICAL - 2026-02-04 15:31:22 --> ErrorException: Undefined variable $navbar
[Method: GET, Route: /]
in APPPATH/Views/layouts/header.php on line 22.
 1 APPPATH/Views/layouts/header.php(22): CodeIgniter\Debug\Exceptions->errorHandler(2, 'Undefined variable $navbar', '/Users/aungsihein/iron-software-frontend-assessment/app/Views/layouts/header.php', 22)
 2 SYSTEMPATH/View/View.php(238): include('/Users/aungsihein/iron-software-frontend-assessment/app/Views/layouts/header.php')
 3 SYSTEMPATH/View/View.php(241): CodeIgniter\View\View->{closure:CodeIgniter\View\View::render():235}()
 4 SYSTEMPATH/Common.php(1250): CodeIgniter\View\View->render('layouts/header', [], true)
 5 APPPATH/Views/home.php(1): view('layouts/header')
 6 SYSTEMPATH/View/View.php(238): include('/Users/aungsihein/iron-software-frontend-assessment/app/Views/home.php')
 7 SYSTEMPATH/View/View.php(241): CodeIgniter\View\View->{closure:CodeIgniter\View\View::render():235}()
 8 SYSTEMPATH/Common.php(1250): CodeIgniter\View\View->render('home', [], true)
 9 APPPATH/Controllers/Home.php(9): view('home')
10 SYSTEMPATH/CodeIgniter.php(951): App\Controllers\Home->index()
11 SYSTEMPATH/CodeIgniter.php(497): CodeIgniter\CodeIgniter->runController(Object(App\Controllers\Home))
12 SYSTEMPATH/CodeIgniter.php(340): CodeIgniter\CodeIgniter->handleRequest(null, Object(Config\Cache), false)
13 SYSTEMPATH/Boot.php(417): CodeIgniter\CodeIgniter->run()
14 SYSTEMPATH/Boot.php(68): CodeIgniter\Boot::runCodeIgniter(Object(CodeIgniter\CodeIgniter))
15 FCPATH/index.php(59): CodeIgniter\Boot::bootWeb(Object(Config\Paths))
16 SYSTEMPATH/rewrite.php(44): require_once('/Users/aungsihein/iron-software-frontend-assessment/public/index.php')
CRITICAL - 2026-02-04 15:31:35 --> ErrorException: Undefined variable $navbar
[Method: GET, Route: /]
in APPPATH/Views/layouts/header.php on line 22.
 1 APPPATH/Views/layouts/header.php(22): CodeIgniter\Debug\Exceptions->errorHandler(2, 'Undefined variable $navbar', '/Users/aungsihein/iron-software-frontend-assessment/app/Views/layouts/header.php', 22)
 2 SYSTEMPATH/View/View.php(238): include('/Users/aungsihein/iron-software-frontend-assessment/app/Views/layouts/header.php')
 3 SYSTEMPATH/View/View.php(241): CodeIgniter\View\View->{closure:CodeIgniter\View\View::render():235}()
 4 SYSTEMPATH/Common.php(1250): CodeIgniter\View\View->render('layouts/header', [], true)
 5 APPPATH/Views/home.php(1): view('layouts/header')
 6 SYSTEMPATH/View/View.php(238): include('/Users/aungsihein/iron-software-frontend-assessment/app/Views/home.php')
 7 SYSTEMPATH/View/View.php(241): CodeIgniter\View\View->{closure:CodeIgniter\View\View::render():235}()
 8 SYSTEMPATH/Common.php(1250): CodeIgniter\View\View->render('home', [], true)
 9 APPPATH/Controllers/Home.php(9): view('home')
10 SYSTEMPATH/CodeIgniter.php(951): App\Controllers\Home->index()
11 SYSTEMPATH/CodeIgniter.php(497): CodeIgniter\CodeIgniter->runController(Object(App\Controllers\Home))
12 SYSTEMPATH/CodeIgniter.php(340): CodeIgniter\CodeIgniter->handleRequest(null, Object(Config\Cache), false)
13 SYSTEMPATH/Boot.php(417): CodeIgniter\CodeIgniter->run()
14 SYSTEMPATH/Boot.php(68): CodeIgniter\Boot::runCodeIgniter(Object(CodeIgniter\CodeIgniter))
15 FCPATH/index.php(59): CodeIgniter\Boot::bootWeb(Object(Config\Paths))
16 SYSTEMPATH/rewrite.php(44): require_once('/Users/aungsihein/iron-software-frontend-assessment/public/index.php')
CRITICAL - 2026-02-04 15:31:35 --> ErrorException: Undefined variable $navbar
[Method: GET, Route: /]
in APPPATH/Views/layouts/header.php on line 22.
 1 APPPATH/Views/layouts/header.php(22): CodeIgniter\Debug\Exceptions->errorHandler(2, 'Undefined variable $navbar', '/Users/aungsihein/iron-software-frontend-assessment/app/Views/layouts/header.php', 22)
 2 SYSTEMPATH/View/View.php(238): include('/Users/aungsihein/iron-software-frontend-assessment/app/Views/layouts/header.php')
 3 SYSTEMPATH/View/View.php(241): CodeIgniter\View\View->{closure:CodeIgniter\View\View::render():235}()
 4 SYSTEMPATH/Common.php(1250): CodeIgniter\View\View->render('layouts/header', [], true)
 5 APPPATH/Views/home.php(1): view('layouts/header')
 6 SYSTEMPATH/View/View.php(238): include('/Users/aungsihein/iron-software-frontend-assessment/app/Views/home.php')
 7 SYSTEMPATH/View/View.php(241): CodeIgniter\View\View->{closure:CodeIgniter\View\View::render():235}()
 8 SYSTEMPATH/Common.php(1250): CodeIgniter\View\View->render('home', [], true)
 9 APPPATH/Controllers/Home.php(9): view('home')
10 SYSTEMPATH/CodeIgniter.php(951): App\Controllers\Home->index()
11 SYSTEMPATH/CodeIgniter.php(497): CodeIgniter\CodeIgniter->runController(Object(App\Controllers\Home))
12 SYSTEMPATH/CodeIgniter.php(340): CodeIgniter\CodeIgniter->handleRequest(null, Object(Config\Cache), false)
13 SYSTEMPATH/Boot.php(417): CodeIgniter\CodeIgniter->run()
14 SYSTEMPATH/Boot.php(68): CodeIgniter\Boot::runCodeIgniter(Object(CodeIgniter\CodeIgniter))
15 FCPATH/index.php(59): CodeIgniter\Boot::bootWeb(Object(Config\Paths))
16 SYSTEMPATH/rewrite.php(44): require_once('/Users/aungsihein/iron-software-frontend-assessment/public/index.php')
CRITICAL - 2026-02-04 15:31:36 --> ErrorException: Undefined variable $navbar
[Method: GET, Route: /]
in APPPATH/Views/layouts/header.php on line 22.
 1 APPPATH/Views/layouts/header.php(22): CodeIgniter\Debug\Exceptions->errorHandler(2, 'Undefined variable $navbar', '/Users/aungsihein/iron-software-frontend-assessment/app/Views/layouts/header.php', 22)
 2 SYSTEMPATH/View/View.php(238): include('/Users/aungsihein/iron-software-frontend-assessment/app/Views/layouts/header.php')
 3 SYSTEMPATH/View/View.php(241): CodeIgniter\View\View->{closure:CodeIgniter\View\View::render():235}()
 4 SYSTEMPATH/Common.php(1250): CodeIgniter\View\View->render('layouts/header', [], true)
 5 APPPATH/Views/home.php(1): view('layouts/header')
 6 SYSTEMPATH/View/View.php(238): include('/Users/aungsihein/iron-software-frontend-assessment/app/Views/home.php')
 7 SYSTEMPATH/View/View.php(241): CodeIgniter\View\View->{closure:CodeIgniter\View\View::render():235}()
 8 SYSTEMPATH/Common.php(1250): CodeIgniter\View\View->render('home', [], true)
 9 APPPATH/Controllers/Home.php(9): view('home')
10 SYSTEMPATH/CodeIgniter.php(951): App\Controllers\Home->index()
11 SYSTEMPATH/CodeIgniter.php(497): CodeIgniter\CodeIgniter->runController(Object(App\Controllers\Home))
12 SYSTEMPATH/CodeIgniter.php(340): CodeIgniter\CodeIgniter->handleRequest(null, Object(Config\Cache), false)
13 SYSTEMPATH/Boot.php(417): CodeIgniter\CodeIgniter->run()
14 SYSTEMPATH/Boot.php(68): CodeIgniter\Boot::runCodeIgniter(Object(CodeIgniter\CodeIgniter))
15 FCPATH/index.php(59): CodeIgniter\Boot::bootWeb(Object(Config\Paths))
16 SYSTEMPATH/rewrite.php(44): require_once('/Users/aungsihein/iron-software-frontend-assessment/public/index.php')
CRITICAL - 2026-02-04 15:31:57 --> ErrorException: Undefined variable $navbar
[Method: GET, Route: /]
in APPPATH/Views/layouts/header.php on line 22.
 1 APPPATH/Views/layouts/header.php(22): CodeIgniter\Debug\Exceptions->errorHandler(2, 'Undefined variable $navbar', '/Users/aungsihein/iron-software-frontend-assessment/app/Views/layouts/header.php', 22)
 2 SYSTEMPATH/View/View.php(238): include('/Users/aungsihein/iron-software-frontend-assessment/app/Views/layouts/header.php')
 3 SYSTEMPATH/View/View.php(241): CodeIgniter\View\View->{closure:CodeIgniter\View\View::render():235}()
 4 SYSTEMPATH/Common.php(1250): CodeIgniter\View\View->render('layouts/header', [], true)
 5 APPPATH/Views/home.php(1): view('layouts/header')
 6 SYSTEMPATH/View/View.php(238): include('/Users/aungsihein/iron-software-frontend-assessment/app/Views/home.php')
 7 SYSTEMPATH/View/View.php(241): CodeIgniter\View\View->{closure:CodeIgniter\View\View::render():235}()
 8 SYSTEMPATH/Common.php(1250): CodeIgniter\View\View->render('home', [], true)
 9 APPPATH/Controllers/Home.php(13): view('home')
10 SYSTEMPATH/CodeIgniter.php(951): App\Controllers\Home->index()
11 SYSTEMPATH/CodeIgniter.php(497): CodeIgniter\CodeIgniter->runController(Object(App\Controllers\Home))
12 SYSTEMPATH/CodeIgniter.php(340): CodeIgniter\CodeIgniter->handleRequest(null, Object(Config\Cache), false)
13 SYSTEMPATH/Boot.php(417): CodeIgniter\CodeIgniter->run()
14 SYSTEMPATH/Boot.php(68): CodeIgniter\Boot::runCodeIgniter(Object(CodeIgniter\CodeIgniter))
15 FCPATH/index.php(59): CodeIgniter\Boot::bootWeb(Object(Config\Paths))
16 SYSTEMPATH/rewrite.php(44): require_once('/Users/aungsihein/iron-software-frontend-assessment/public/index.php')
CRITICAL - 2026-02-04 15:31:57 --> ErrorException: Undefined variable $navbar
[Method: GET, Route: /]
in APPPATH/Views/layouts/header.php on line 22.
 1 APPPATH/Views/layouts/header.php(22): CodeIgniter\Debug\Exceptions->errorHandler(2, 'Undefined variable $navbar', '/Users/aungsihein/iron-software-frontend-assessment/app/Views/layouts/header.php', 22)
 2 SYSTEMPATH/View/View.php(238): include('/Users/aungsihein/iron-software-frontend-assessment/app/Views/layouts/header.php')
 3 SYSTEMPATH/View/View.php(241): CodeIgniter\View\View->{closure:CodeIgniter\View\View::render():235}()
 4 SYSTEMPATH/Common.php(1250): CodeIgniter\View\View->render('layouts/header', [], true)
 5 APPPATH/Views/home.php(1): view('layouts/header')
 6 SYSTEMPATH/View/View.php(238): include('/Users/aungsihein/iron-software-frontend-assessment/app/Views/home.php')
 7 SYSTEMPATH/View/View.php(241): CodeIgniter\View\View->{closure:CodeIgniter\View\View::render():235}()
 8 SYSTEMPATH/Common.php(1250): CodeIgniter\View\View->render('home', [], true)
 9 APPPATH/Controllers/Home.php(13): view('home')
10 SYSTEMPATH/CodeIgniter.php(951): App\Controllers\Home->index()
11 SYSTEMPATH/CodeIgniter.php(497): CodeIgniter\CodeIgniter->runController(Object(App\Controllers\Home))
12 SYSTEMPATH/CodeIgniter.php(340): CodeIgniter\CodeIgniter->handleRequest(null, Object(Config\Cache), false)
13 SYSTEMPATH/Boot.php(417): CodeIgniter\CodeIgniter->run()
14 SYSTEMPATH/Boot.php(68): CodeIgniter\Boot::runCodeIgniter(Object(CodeIgniter\CodeIgniter))
15 FCPATH/index.php(59): CodeIgniter\Boot::bootWeb(Object(Config\Paths))
16 SYSTEMPATH/rewrite.php(44): require_once('/Users/aungsihein/iron-software-frontend-assessment/public/index.php')
CRITICAL - 2026-02-04 15:31:57 --> ErrorException: Undefined variable $navbar
[Method: GET, Route: /]
in APPPATH/Views/layouts/header.php on line 22.
 1 APPPATH/Views/layouts/header.php(22): CodeIgniter\Debug\Exceptions->errorHandler(2, 'Undefined variable $navbar', '/Users/aungsihein/iron-software-frontend-assessment/app/Views/layouts/header.php', 22)
 2 SYSTEMPATH/View/View.php(238): include('/Users/aungsihein/iron-software-frontend-assessment/app/Views/layouts/header.php')
 3 SYSTEMPATH/View/View.php(241): CodeIgniter\View\View->{closure:CodeIgniter\View\View::render():235}()
 4 SYSTEMPATH/Common.php(1250): CodeIgniter\View\View->render('layouts/header', [], true)
 5 APPPATH/Views/home.php(1): view('layouts/header')
 6 SYSTEMPATH/View/View.php(238): include('/Users/aungsihein/iron-software-frontend-assessment/app/Views/home.php')
 7 SYSTEMPATH/View/View.php(241): CodeIgniter\View\View->{closure:CodeIgniter\View\View::render():235}()
 8 SYSTEMPATH/Common.php(1250): CodeIgniter\View\View->render('home', [], true)
 9 APPPATH/Controllers/Home.php(13): view('home')
10 SYSTEMPATH/CodeIgniter.php(951): App\Controllers\Home->index()
11 SYSTEMPATH/CodeIgniter.php(497): CodeIgniter\CodeIgniter->runController(Object(App\Controllers\Home))
12 SYSTEMPATH/CodeIgniter.php(340): CodeIgniter\CodeIgniter->handleRequest(null, Object(Config\Cache), false)
13 SYSTEMPATH/Boot.php(417): CodeIgniter\CodeIgniter->run()
14 SYSTEMPATH/Boot.php(68): CodeIgniter\Boot::runCodeIgniter(Object(CodeIgniter\CodeIgniter))
15 FCPATH/index.php(59): CodeIgniter\Boot::bootWeb(Object(Config\Paths))
16 SYSTEMPATH/rewrite.php(44): require_once('/Users/aungsihein/iron-software-frontend-assessment/public/index.php')
CRITICAL - 2026-02-04 15:31:58 --> ErrorException: Undefined variable $navbar
[Method: GET, Route: /]
in APPPATH/Views/layouts/header.php on line 22.
 1 APPPATH/Views/layouts/header.php(22): CodeIgniter\Debug\Exceptions->errorHandler(2, 'Undefined variable $navbar', '/Users/aungsihein/iron-software-frontend-assessment/app/Views/layouts/header.php', 22)
 2 SYSTEMPATH/View/View.php(238): include('/Users/aungsihein/iron-software-frontend-assessment/app/Views/layouts/header.php')
 3 SYSTEMPATH/View/View.php(241): CodeIgniter\View\View->{closure:CodeIgniter\View\View::render():235}()
 4 SYSTEMPATH/Common.php(1250): CodeIgniter\View\View->render('layouts/header', [], true)
 5 APPPATH/Views/home.php(1): view('layouts/header')
 6 SYSTEMPATH/View/View.php(238): include('/Users/aungsihein/iron-software-frontend-assessment/app/Views/home.php')
 7 SYSTEMPATH/View/View.php(241): CodeIgniter\View\View->{closure:CodeIgniter\View\View::render():235}()
 8 SYSTEMPATH/Common.php(1250): CodeIgniter\View\View->render('home', [], true)
 9 APPPATH/Controllers/Home.php(13): view('home')
10 SYSTEMPATH/CodeIgniter.php(951): App\Controllers\Home->index()
11 SYSTEMPATH/CodeIgniter.php(497): CodeIgniter\CodeIgniter->runController(Object(App\Controllers\Home))
12 SYSTEMPATH/CodeIgniter.php(340): CodeIgniter\CodeIgniter->handleRequest(null, Object(Config\Cache), false)
13 SYSTEMPATH/Boot.php(417): CodeIgniter\CodeIgniter->run()
14 SYSTEMPATH/Boot.php(68): CodeIgniter\Boot::runCodeIgniter(Object(CodeIgniter\CodeIgniter))
15 FCPATH/index.php(59): CodeIgniter\Boot::bootWeb(Object(Config\Paths))
16 SYSTEMPATH/rewrite.php(44): require_once('/Users/aungsihein/iron-software-frontend-assessment/public/index.php')
CRITICAL - 2026-02-04 15:33:51 --> ErrorException: Undefined variable $navbar
[Method: GET, Route: /]
in APPPATH/Views/layouts/header.php on line 22.
 1 APPPATH/Views/layouts/header.php(22): CodeIgniter\Debug\Exceptions->errorHandler(2, 'Undefined variable $navbar', '/Users/aungsihein/iron-software-frontend-assessment/app/Views/layouts/header.php', 22)
 2 SYSTEMPATH/View/View.php(238): include('/Users/aungsihein/iron-software-frontend-assessment/app/Views/layouts/header.php')
 3 SYSTEMPATH/View/View.php(241): CodeIgniter\View\View->{closure:CodeIgniter\View\View::render():235}()
 4 SYSTEMPATH/Common.php(1250): CodeIgniter\View\View->render('layouts/header', [], true)
 5 APPPATH/Views/home.php(1): view('layouts/header')
 6 SYSTEMPATH/View/View.php(238): include('/Users/aungsihein/iron-software-frontend-assessment/app/Views/home.php')
 7 SYSTEMPATH/View/View.php(241): CodeIgniter\View\View->{closure:CodeIgniter\View\View::render():235}()
 8 SYSTEMPATH/Common.php(1250): CodeIgniter\View\View->render('home', [], true)
 9 APPPATH/Controllers/Home.php(13): view('home')
10 SYSTEMPATH/CodeIgniter.php(951): App\Controllers\Home->index()
11 SYSTEMPATH/CodeIgniter.php(497): CodeIgniter\CodeIgniter->runController(Object(App\Controllers\Home))
12 SYSTEMPATH/CodeIgniter.php(340): CodeIgniter\CodeIgniter->handleRequest(null, Object(Config\Cache), false)
13 SYSTEMPATH/Boot.php(417): CodeIgniter\CodeIgniter->run()
14 SYSTEMPATH/Boot.php(68): CodeIgniter\Boot::runCodeIgniter(Object(CodeIgniter\CodeIgniter))
15 FCPATH/index.php(59): CodeIgniter\Boot::bootWeb(Object(Config\Paths))
16 SYSTEMPATH/rewrite.php(44): require_once('/Users/aungsihein/iron-software-frontend-assessment/public/index.php')
CRITICAL - 2026-02-04 15:35:24 --> ErrorException: file_get_contents(/Users/aungsihein/iron-software-frontend-assessment/data/content.json): Failed to open stream: No such file or directory
[Method: GET, Route: /]
in APPPATH/Controllers/Home.php on line 10.
 1 [internal function]: CodeIgniter\Debug\Exceptions->errorHandler(2, 'file_get_contents(/Users/aungsihein/iron-software-frontend-assessment/data/content.json): Failed to open stream: No such file or directory', '/Users/aungsihein/iron-software-frontend-assessment/app/Controllers/Home.php', 10)
 2 APPPATH/Controllers/Home.php(10): file_get_contents('/Users/aungsihein/iron-software-frontend-assessment/data/content.json')
 3 SYSTEMPATH/CodeIgniter.php(951): App\Controllers\Home->index()
 4 SYSTEMPATH/CodeIgniter.php(497): CodeIgniter\CodeIgniter->runController(Object(App\Controllers\Home))
 5 SYSTEMPATH/CodeIgniter.php(340): CodeIgniter\CodeIgniter->handleRequest(null, Object(Config\Cache), false)
 6 SYSTEMPATH/Boot.php(417): CodeIgniter\CodeIgniter->run()
 7 SYSTEMPATH/Boot.php(68): CodeIgniter\Boot::runCodeIgniter(Object(CodeIgniter\CodeIgniter))
 8 FCPATH/index.php(59): CodeIgniter\Boot::bootWeb(Object(Config\Paths))
 9 SYSTEMPATH/rewrite.php(44): require_once('/Users/aungsihein/iron-software-frontend-assessment/public/index.php')
CRITICAL - 2026-02-04 15:35:25 --> ErrorException: file_get_contents(/Users/aungsihein/iron-software-frontend-assessment/data/content.json): Failed to open stream: No such file or directory
[Method: GET, Route: /]
in APPPATH/Controllers/Home.php on line 10.
 1 [internal function]: CodeIgniter\Debug\Exceptions->errorHandler(2, 'file_get_contents(/Users/aungsihein/iron-software-frontend-assessment/data/content.json): Failed to open stream: No such file or directory', '/Users/aungsihein/iron-software-frontend-assessment/app/Controllers/Home.php', 10)
 2 APPPATH/Controllers/Home.php(10): file_get_contents('/Users/aungsihein/iron-software-frontend-assessment/data/content.json')
 3 SYSTEMPATH/CodeIgniter.php(951): App\Controllers\Home->index()
 4 SYSTEMPATH/CodeIgniter.php(497): CodeIgniter\CodeIgniter->runController(Object(App\Controllers\Home))
 5 SYSTEMPATH/CodeIgniter.php(340): CodeIgniter\CodeIgniter->handleRequest(null, Object(Config\Cache), false)
 6 SYSTEMPATH/Boot.php(417): CodeIgniter\CodeIgniter->run()
 7 SYSTEMPATH/Boot.php(68): CodeIgniter\Boot::runCodeIgniter(Object(CodeIgniter\CodeIgniter))
 8 FCPATH/index.php(59): CodeIgniter\Boot::bootWeb(Object(Config\Paths))
 9 SYSTEMPATH/rewrite.php(44): require_once('/Users/aungsihein/iron-software-frontend-assessment/public/index.php')
CRITICAL - 2026-02-04 15:35:39 --> ErrorException: file_get_contents(/Users/aungsihein/iron-software-frontend-assessment/data/content.json): Failed to open stream: No such file or directory
[Method: GET, Route: /]
in APPPATH/Controllers/Home.php on line 10.
 1 [internal function]: CodeIgniter\Debug\Exceptions->errorHandler(2, 'file_get_contents(/Users/aungsihein/iron-software-frontend-assessment/data/content.json): Failed to open stream: No such file or directory', '/Users/aungsihein/iron-software-frontend-assessment/app/Controllers/Home.php', 10)
 2 APPPATH/Controllers/Home.php(10): file_get_contents('/Users/aungsihein/iron-software-frontend-assessment/data/content.json')
 3 SYSTEMPATH/CodeIgniter.php(951): App\Controllers\Home->index()
 4 SYSTEMPATH/CodeIgniter.php(497): CodeIgniter\CodeIgniter->runController(Object(App\Controllers\Home))
 5 SYSTEMPATH/CodeIgniter.php(340): CodeIgniter\CodeIgniter->handleRequest(null, Object(Config\Cache), false)
 6 SYSTEMPATH/Boot.php(417): CodeIgniter\CodeIgniter->run()
 7 SYSTEMPATH/Boot.php(68): CodeIgniter\Boot::runCodeIgniter(Object(CodeIgniter\CodeIgniter))
 8 FCPATH/index.php(59): CodeIgniter\Boot::bootWeb(Object(Config\Paths))
 9 SYSTEMPATH/rewrite.php(44): require_once('/Users/aungsihein/iron-software-frontend-assessment/public/index.php')
CRITICAL - 2026-02-04 15:35:40 --> ErrorException: file_get_contents(/Users/aungsihein/iron-software-frontend-assessment/data/content.json): Failed to open stream: No such file or directory
[Method: GET, Route: /]
in APPPATH/Controllers/Home.php on line 10.
 1 [internal function]: CodeIgniter\Debug\Exceptions->errorHandler(2, 'file_get_contents(/Users/aungsihein/iron-software-frontend-assessment/data/content.json): Failed to open stream: No such file or directory', '/Users/aungsihein/iron-software-frontend-assessment/app/Controllers/Home.php', 10)
 2 APPPATH/Controllers/Home.php(10): file_get_contents('/Users/aungsihein/iron-software-frontend-assessment/data/content.json')
 3 SYSTEMPATH/CodeIgniter.php(951): App\Controllers\Home->index()
 4 SYSTEMPATH/CodeIgniter.php(497): CodeIgniter\CodeIgniter->runController(Object(App\Controllers\Home))
 5 SYSTEMPATH/CodeIgniter.php(340): CodeIgniter\CodeIgniter->handleRequest(null, Object(Config\Cache), false)
 6 SYSTEMPATH/Boot.php(417): CodeIgniter\CodeIgniter->run()
 7 SYSTEMPATH/Boot.php(68): CodeIgniter\Boot::runCodeIgniter(Object(CodeIgniter\CodeIgniter))
 8 FCPATH/index.php(59): CodeIgniter\Boot::bootWeb(Object(Config\Paths))
 9 SYSTEMPATH/rewrite.php(44): require_once('/Users/aungsihein/iron-software-frontend-assessment/public/index.php')
CRITICAL - 2026-02-04 15:35:41 --> ErrorException: file_get_contents(/Users/aungsihein/iron-software-frontend-assessment/data/content.json): Failed to open stream: No such file or directory
[Method: GET, Route: /]
in APPPATH/Controllers/Home.php on line 10.
 1 [internal function]: CodeIgniter\Debug\Exceptions->errorHandler(2, 'file_get_contents(/Users/aungsihein/iron-software-frontend-assessment/data/content.json): Failed to open stream: No such file or directory', '/Users/aungsihein/iron-software-frontend-assessment/app/Controllers/Home.php', 10)
 2 APPPATH/Controllers/Home.php(10): file_get_contents('/Users/aungsihein/iron-software-frontend-assessment/data/content.json')
 3 SYSTEMPATH/CodeIgniter.php(951): App\Controllers\Home->index()
 4 SYSTEMPATH/CodeIgniter.php(497): CodeIgniter\CodeIgniter->runController(Object(App\Controllers\Home))
 5 SYSTEMPATH/CodeIgniter.php(340): CodeIgniter\CodeIgniter->handleRequest(null, Object(Config\Cache), false)
 6 SYSTEMPATH/Boot.php(417): CodeIgniter\CodeIgniter->run()
 7 SYSTEMPATH/Boot.php(68): CodeIgniter\Boot::runCodeIgniter(Object(CodeIgniter\CodeIgniter))
 8 FCPATH/index.php(59): CodeIgniter\Boot::bootWeb(Object(Config\Paths))
 9 SYSTEMPATH/rewrite.php(44): require_once('/Users/aungsihein/iron-software-frontend-assessment/public/index.php')
CRITICAL - 2026-02-04 15:35:41 --> ErrorException: file_get_contents(/Users/aungsihein/iron-software-frontend-assessment/data/content.json): Failed to open stream: No such file or directory
[Method: GET, Route: /]
in APPPATH/Controllers/Home.php on line 10.
 1 [internal function]: CodeIgniter\Debug\Exceptions->errorHandler(2, 'file_get_contents(/Users/aungsihein/iron-software-frontend-assessment/data/content.json): Failed to open stream: No such file or directory', '/Users/aungsihein/iron-software-frontend-assessment/app/Controllers/Home.php', 10)
 2 APPPATH/Controllers/Home.php(10): file_get_contents('/Users/aungsihein/iron-software-frontend-assessment/data/content.json')
 3 SYSTEMPATH/CodeIgniter.php(951): App\Controllers\Home->index()
 4 SYSTEMPATH/CodeIgniter.php(497): CodeIgniter\CodeIgniter->runController(Object(App\Controllers\Home))
 5 SYSTEMPATH/CodeIgniter.php(340): CodeIgniter\CodeIgniter->handleRequest(null, Object(Config\Cache), false)
 6 SYSTEMPATH/Boot.php(417): CodeIgniter\CodeIgniter->run()
 7 SYSTEMPATH/Boot.php(68): CodeIgniter\Boot::runCodeIgniter(Object(CodeIgniter\CodeIgniter))
 8 FCPATH/index.php(59): CodeIgniter\Boot::bootWeb(Object(Config\Paths))
 9 SYSTEMPATH/rewrite.php(44): require_once('/Users/aungsihein/iron-software-frontend-assessment/public/index.php')
CRITICAL - 2026-02-04 15:35:41 --> ErrorException: file_get_contents(/Users/aungsihein/iron-software-frontend-assessment/data/content.json): Failed to open stream: No such file or directory
[Method: GET, Route: /]
in APPPATH/Controllers/Home.php on line 10.
 1 [internal function]: CodeIgniter\Debug\Exceptions->errorHandler(2, 'file_get_contents(/Users/aungsihein/iron-software-frontend-assessment/data/content.json): Failed to open stream: No such file or directory', '/Users/aungsihein/iron-software-frontend-assessment/app/Controllers/Home.php', 10)
 2 APPPATH/Controllers/Home.php(10): file_get_contents('/Users/aungsihein/iron-software-frontend-assessment/data/content.json')
 3 SYSTEMPATH/CodeIgniter.php(951): App\Controllers\Home->index()
 4 SYSTEMPATH/CodeIgniter.php(497): CodeIgniter\CodeIgniter->runController(Object(App\Controllers\Home))
 5 SYSTEMPATH/CodeIgniter.php(340): CodeIgniter\CodeIgniter->handleRequest(null, Object(Config\Cache), false)
 6 SYSTEMPATH/Boot.php(417): CodeIgniter\CodeIgniter->run()
 7 SYSTEMPATH/Boot.php(68): CodeIgniter\Boot::runCodeIgniter(Object(CodeIgniter\CodeIgniter))
 8 FCPATH/index.php(59): CodeIgniter\Boot::bootWeb(Object(Config\Paths))
 9 SYSTEMPATH/rewrite.php(44): require_once('/Users/aungsihein/iron-software-frontend-assessment/public/index.php')
CRITICAL - 2026-02-04 15:35:41 --> ErrorException: file_get_contents(/Users/aungsihein/iron-software-frontend-assessment/data/content.json): Failed to open stream: No such file or directory
[Method: GET, Route: /]
in APPPATH/Controllers/Home.php on line 10.
 1 [internal function]: CodeIgniter\Debug\Exceptions->errorHandler(2, 'file_get_contents(/Users/aungsihein/iron-software-frontend-assessment/data/content.json): Failed to open stream: No such file or directory', '/Users/aungsihein/iron-software-frontend-assessment/app/Controllers/Home.php', 10)
 2 APPPATH/Controllers/Home.php(10): file_get_contents('/Users/aungsihein/iron-software-frontend-assessment/data/content.json')
 3 SYSTEMPATH/CodeIgniter.php(951): App\Controllers\Home->index()
 4 SYSTEMPATH/CodeIgniter.php(497): CodeIgniter\CodeIgniter->runController(Object(App\Controllers\Home))
 5 SYSTEMPATH/CodeIgniter.php(340): CodeIgniter\CodeIgniter->handleRequest(null, Object(Config\Cache), false)
 6 SYSTEMPATH/Boot.php(417): CodeIgniter\CodeIgniter->run()
 7 SYSTEMPATH/Boot.php(68): CodeIgniter\Boot::runCodeIgniter(Object(CodeIgniter\CodeIgniter))
 8 FCPATH/index.php(59): CodeIgniter\Boot::bootWeb(Object(Config\Paths))
 9 SYSTEMPATH/rewrite.php(44): require_once('/Users/aungsihein/iron-software-frontend-assessment/public/index.php')
CRITICAL - 2026-02-04 15:35:43 --> ErrorException: file_get_contents(/Users/aungsihein/iron-software-frontend-assessment/data/content.json): Failed to open stream: No such file or directory
[Method: GET, Route: /]
in APPPATH/Controllers/Home.php on line 10.
 1 [internal function]: CodeIgniter\Debug\Exceptions->errorHandler(2, 'file_get_contents(/Users/aungsihein/iron-software-frontend-assessment/data/content.json): Failed to open stream: No such file or directory', '/Users/aungsihein/iron-software-frontend-assessment/app/Controllers/Home.php', 10)
 2 APPPATH/Controllers/Home.php(10): file_get_contents('/Users/aungsihein/iron-software-frontend-assessment/data/content.json')
 3 SYSTEMPATH/CodeIgniter.php(951): App\Controllers\Home->index()
 4 SYSTEMPATH/CodeIgniter.php(497): CodeIgniter\CodeIgniter->runController(Object(App\Controllers\Home))
 5 SYSTEMPATH/CodeIgniter.php(340): CodeIgniter\CodeIgniter->handleRequest(null, Object(Config\Cache), false)
 6 SYSTEMPATH/Boot.php(417): CodeIgniter\CodeIgniter->run()
 7 SYSTEMPATH/Boot.php(68): CodeIgniter\Boot::runCodeIgniter(Object(CodeIgniter\CodeIgniter))
 8 FCPATH/index.php(59): CodeIgniter\Boot::bootWeb(Object(Config\Paths))
 9 SYSTEMPATH/rewrite.php(44): require_once('/Users/aungsihein/iron-software-frontend-assessment/public/index.php')
CRITICAL - 2026-02-04 15:35:44 --> ErrorException: file_get_contents(/Users/aungsihein/iron-software-frontend-assessment/data/content.json): Failed to open stream: No such file or directory
[Method: GET, Route: /]
in APPPATH/Controllers/Home.php on line 10.
 1 [internal function]: CodeIgniter\Debug\Exceptions->errorHandler(2, 'file_get_contents(/Users/aungsihein/iron-software-frontend-assessment/data/content.json): Failed to open stream: No such file or directory', '/Users/aungsihein/iron-software-frontend-assessment/app/Controllers/Home.php', 10)
 2 APPPATH/Controllers/Home.php(10): file_get_contents('/Users/aungsihein/iron-software-frontend-assessment/data/content.json')
 3 SYSTEMPATH/CodeIgniter.php(951): App\Controllers\Home->index()
 4 SYSTEMPATH/CodeIgniter.php(497): CodeIgniter\CodeIgniter->runController(Object(App\Controllers\Home))
 5 SYSTEMPATH/CodeIgniter.php(340): CodeIgniter\CodeIgniter->handleRequest(null, Object(Config\Cache), false)
 6 SYSTEMPATH/Boot.php(417): CodeIgniter\CodeIgniter->run()
 7 SYSTEMPATH/Boot.php(68): CodeIgniter\Boot::runCodeIgniter(Object(CodeIgniter\CodeIgniter))
 8 FCPATH/index.php(59): CodeIgniter\Boot::bootWeb(Object(Config\Paths))
 9 SYSTEMPATH/rewrite.php(44): require_once('/Users/aungsihein/iron-software-frontend-assessment/public/index.php')
CRITICAL - 2026-02-04 15:35:44 --> ErrorException: file_get_contents(/Users/aungsihein/iron-software-frontend-assessment/data/content.json): Failed to open stream: No such file or directory
[Method: GET, Route: /]
in APPPATH/Controllers/Home.php on line 10.
 1 [internal function]: CodeIgniter\Debug\Exceptions->errorHandler(2, 'file_get_contents(/Users/aungsihein/iron-software-frontend-assessment/data/content.json): Failed to open stream: No such file or directory', '/Users/aungsihein/iron-software-frontend-assessment/app/Controllers/Home.php', 10)
 2 APPPATH/Controllers/Home.php(10): file_get_contents('/Users/aungsihein/iron-software-frontend-assessment/data/content.json')
 3 SYSTEMPATH/CodeIgniter.php(951): App\Controllers\Home->index()
 4 SYSTEMPATH/CodeIgniter.php(497): CodeIgniter\CodeIgniter->runController(Object(App\Controllers\Home))
 5 SYSTEMPATH/CodeIgniter.php(340): CodeIgniter\CodeIgniter->handleRequest(null, Object(Config\Cache), false)
 6 SYSTEMPATH/Boot.php(417): CodeIgniter\CodeIgniter->run()
 7 SYSTEMPATH/Boot.php(68): CodeIgniter\Boot::runCodeIgniter(Object(CodeIgniter\CodeIgniter))
 8 FCPATH/index.php(59): CodeIgniter\Boot::bootWeb(Object(Config\Paths))
 9 SYSTEMPATH/rewrite.php(44): require_once('/Users/aungsihein/iron-software-frontend-assessment/public/index.php')
CRITICAL - 2026-02-04 15:35:45 --> ErrorException: file_get_contents(/Users/aungsihein/iron-software-frontend-assessment/data/content.json): Failed to open stream: No such file or directory
[Method: GET, Route: /]
in APPPATH/Controllers/Home.php on line 10.
 1 [internal function]: CodeIgniter\Debug\Exceptions->errorHandler(2, 'file_get_contents(/Users/aungsihein/iron-software-frontend-assessment/data/content.json): Failed to open stream: No such file or directory', '/Users/aungsihein/iron-software-frontend-assessment/app/Controllers/Home.php', 10)
 2 APPPATH/Controllers/Home.php(10): file_get_contents('/Users/aungsihein/iron-software-frontend-assessment/data/content.json')
 3 SYSTEMPATH/CodeIgniter.php(951): App\Controllers\Home->index()
 4 SYSTEMPATH/CodeIgniter.php(497): CodeIgniter\CodeIgniter->runController(Object(App\Controllers\Home))
 5 SYSTEMPATH/CodeIgniter.php(340): CodeIgniter\CodeIgniter->handleRequest(null, Object(Config\Cache), false)
 6 SYSTEMPATH/Boot.php(417): CodeIgniter\CodeIgniter->run()
 7 SYSTEMPATH/Boot.php(68): CodeIgniter\Boot::runCodeIgniter(Object(CodeIgniter\CodeIgniter))
 8 FCPATH/index.php(59): CodeIgniter\Boot::bootWeb(Object(Config\Paths))
 9 SYSTEMPATH/rewrite.php(44): require_once('/Users/aungsihein/iron-software-frontend-assessment/public/index.php')
CRITICAL - 2026-02-04 15:35:45 --> ErrorException: file_get_contents(/Users/aungsihein/iron-software-frontend-assessment/data/content.json): Failed to open stream: No such file or directory
[Method: GET, Route: /]
in APPPATH/Controllers/Home.php on line 10.
 1 [internal function]: CodeIgniter\Debug\Exceptions->errorHandler(2, 'file_get_contents(/Users/aungsihein/iron-software-frontend-assessment/data/content.json): Failed to open stream: No such file or directory', '/Users/aungsihein/iron-software-frontend-assessment/app/Controllers/Home.php', 10)
 2 APPPATH/Controllers/Home.php(10): file_get_contents('/Users/aungsihein/iron-software-frontend-assessment/data/content.json')
 3 SYSTEMPATH/CodeIgniter.php(951): App\Controllers\Home->index()
 4 SYSTEMPATH/CodeIgniter.php(497): CodeIgniter\CodeIgniter->runController(Object(App\Controllers\Home))
 5 SYSTEMPATH/CodeIgniter.php(340): CodeIgniter\CodeIgniter->handleRequest(null, Object(Config\Cache), false)
 6 SYSTEMPATH/Boot.php(417): CodeIgniter\CodeIgniter->run()
 7 SYSTEMPATH/Boot.php(68): CodeIgniter\Boot::runCodeIgniter(Object(CodeIgniter\CodeIgniter))
 8 FCPATH/index.php(59): CodeIgniter\Boot::bootWeb(Object(Config\Paths))
 9 SYSTEMPATH/rewrite.php(44): require_once('/Users/aungsihein/iron-software-frontend-assessment/public/index.php')
CRITICAL - 2026-02-04 15:37:46 --> ErrorException: file_get_contents(/Users/aungsihein/iron-software-frontend-assessment/data/content.json): Failed to open stream: No such file or directory
[Method: GET, Route: /]
in APPPATH/Controllers/Home.php on line 10.
 1 [internal function]: CodeIgniter\Debug\Exceptions->errorHandler(2, 'file_get_contents(/Users/aungsihein/iron-software-frontend-assessment/data/content.json): Failed to open stream: No such file or directory', '/Users/aungsihein/iron-software-frontend-assessment/app/Controllers/Home.php', 10)
 2 APPPATH/Controllers/Home.php(10): file_get_contents('/Users/aungsihein/iron-software-frontend-assessment/data/content.json')
 3 SYSTEMPATH/CodeIgniter.php(951): App\Controllers\Home->index()
 4 SYSTEMPATH/CodeIgniter.php(497): CodeIgniter\CodeIgniter->runController(Object(App\Controllers\Home))
 5 SYSTEMPATH/CodeIgniter.php(340): CodeIgniter\CodeIgniter->handleRequest(null, Object(Config\Cache), false)
 6 SYSTEMPATH/Boot.php(417): CodeIgniter\CodeIgniter->run()
 7 SYSTEMPATH/Boot.php(68): CodeIgniter\Boot::runCodeIgniter(Object(CodeIgniter\CodeIgniter))
 8 FCPATH/index.php(59): CodeIgniter\Boot::bootWeb(Object(Config\Paths))
 9 SYSTEMPATH/rewrite.php(44): require_once('/Users/aungsihein/iron-software-frontend-assessment/public/index.php')
CRITICAL - 2026-02-04 15:37:46 --> ErrorException: file_get_contents(/Users/aungsihein/iron-software-frontend-assessment/data/content.json): Failed to open stream: No such file or directory
[Method: GET, Route: /]
in APPPATH/Controllers/Home.php on line 10.
 1 [internal function]: CodeIgniter\Debug\Exceptions->errorHandler(2, 'file_get_contents(/Users/aungsihein/iron-software-frontend-assessment/data/content.json): Failed to open stream: No such file or directory', '/Users/aungsihein/iron-software-frontend-assessment/app/Controllers/Home.php', 10)
 2 APPPATH/Controllers/Home.php(10): file_get_contents('/Users/aungsihein/iron-software-frontend-assessment/data/content.json')
 3 SYSTEMPATH/CodeIgniter.php(951): App\Controllers\Home->index()
 4 SYSTEMPATH/CodeIgniter.php(497): CodeIgniter\CodeIgniter->runController(Object(App\Controllers\Home))
 5 SYSTEMPATH/CodeIgniter.php(340): CodeIgniter\CodeIgniter->handleRequest(null, Object(Config\Cache), false)
 6 SYSTEMPATH/Boot.php(417): CodeIgniter\CodeIgniter->run()
 7 SYSTEMPATH/Boot.php(68): CodeIgniter\Boot::runCodeIgniter(Object(CodeIgniter\CodeIgniter))
 8 FCPATH/index.php(59): CodeIgniter\Boot::bootWeb(Object(Config\Paths))
 9 SYSTEMPATH/rewrite.php(44): require_once('/Users/aungsihein/iron-software-frontend-assessment/public/index.php')
CRITICAL - 2026-02-04 15:37:51 --> ErrorException: file_get_contents(/Users/aungsihein/iron-software-frontend-assessment/data/content.json): Failed to open stream: No such file or directory
[Method: GET, Route: /]
in APPPATH/Controllers/Home.php on line 10.
 1 [internal function]: CodeIgniter\Debug\Exceptions->errorHandler(2, 'file_get_contents(/Users/aungsihein/iron-software-frontend-assessment/data/content.json): Failed to open stream: No such file or directory', '/Users/aungsihein/iron-software-frontend-assessment/app/Controllers/Home.php', 10)
 2 APPPATH/Controllers/Home.php(10): file_get_contents('/Users/aungsihein/iron-software-frontend-assessment/data/content.json')
 3 SYSTEMPATH/CodeIgniter.php(951): App\Controllers\Home->index()
 4 SYSTEMPATH/CodeIgniter.php(497): CodeIgniter\CodeIgniter->runController(Object(App\Controllers\Home))
 5 SYSTEMPATH/CodeIgniter.php(340): CodeIgniter\CodeIgniter->handleRequest(null, Object(Config\Cache), false)
 6 SYSTEMPATH/Boot.php(417): CodeIgniter\CodeIgniter->run()
 7 SYSTEMPATH/Boot.php(68): CodeIgniter\Boot::runCodeIgniter(Object(CodeIgniter\CodeIgniter))
 8 FCPATH/index.php(59): CodeIgniter\Boot::bootWeb(Object(Config\Paths))
 9 SYSTEMPATH/rewrite.php(44): require_once('/Users/aungsihein/iron-software-frontend-assessment/public/index.php')
CRITICAL - 2026-02-04 15:37:52 --> ErrorException: file_get_contents(/Users/aungsihein/iron-software-frontend-assessment/data/content.json): Failed to open stream: No such file or directory
[Method: GET, Route: /]
in APPPATH/Controllers/Home.php on line 10.
 1 [internal function]: CodeIgniter\Debug\Exceptions->errorHandler(2, 'file_get_contents(/Users/aungsihein/iron-software-frontend-assessment/data/content.json): Failed to open stream: No such file or directory', '/Users/aungsihein/iron-software-frontend-assessment/app/Controllers/Home.php', 10)
 2 APPPATH/Controllers/Home.php(10): file_get_contents('/Users/aungsihein/iron-software-frontend-assessment/data/content.json')
 3 SYSTEMPATH/CodeIgniter.php(951): App\Controllers\Home->index()
 4 SYSTEMPATH/CodeIgniter.php(497): CodeIgniter\CodeIgniter->runController(Object(App\Controllers\Home))
 5 SYSTEMPATH/CodeIgniter.php(340): CodeIgniter\CodeIgniter->handleRequest(null, Object(Config\Cache), false)
 6 SYSTEMPATH/Boot.php(417): CodeIgniter\CodeIgniter->run()
 7 SYSTEMPATH/Boot.php(68): CodeIgniter\Boot::runCodeIgniter(Object(CodeIgniter\CodeIgniter))
 8 FCPATH/index.php(59): CodeIgniter\Boot::bootWeb(Object(Config\Paths))
 9 SYSTEMPATH/rewrite.php(44): require_once('/Users/aungsihein/iron-software-frontend-assessment/public/index.php')
